<?xml version="1.0" encoding="UTF-8"?>
<!-- Generated by org.testng.reporters.JUnitReportReporter -->
<testsuite skipped="0" hostname="AA-PC" name="framework_testng.TestSuite.Class1" tests="2" failures="0" timestamp="19 Aug 2019 07:29:49 GMT" time="0.020" errors="0">
  <testcase name="tc001" time="0.019" classname="framework_testng.TestSuite.Class1"/>
  <testcase name="tc002" time="0.001" classname="framework_testng.TestSuite.Class1"/>
</testsuite> <!-- framework_testng.TestSuite.Class1 -->
