<?xml version="1.0" encoding="UTF-8"?>
<!-- Generated by org.testng.reporters.JUnitReportReporter -->
<testsuite skipped="0" hostname="AA-PC" name="framework_testng.BeforeClass_And_AfterClass" tests="3" failures="0" timestamp="19 Aug 2019 06:44:08 GMT" time="0.006" errors="0">
  <testcase name="tc003" time="0.000" classname="framework_testng.BeforeClass_And_AfterClass"/>
  <testcase name="tc001" time="0.006" classname="framework_testng.BeforeClass_And_AfterClass"/>
  <testcase name="tc002" time="0.000" classname="framework_testng.BeforeClass_And_AfterClass"/>
</testsuite> <!-- framework_testng.BeforeClass_And_AfterClass -->
