<?xml version="1.0" encoding="UTF-8"?>
<!-- Generated by org.testng.reporters.JUnitReportReporter -->
<testsuite skipped="0" hostname="AA-PC" name="framework_testng.Before_method_And_After_Method" tests="3" failures="0" timestamp="19 Aug 2019 06:55:12 GMT" time="0.006" errors="0">
  <testcase name="tc001" time="0.004" classname="framework_testng.Before_method_And_After_Method"/>
  <testcase name="tc003" time="0.001" classname="framework_testng.Before_method_And_After_Method"/>
  <testcase name="tc002" time="0.001" classname="framework_testng.Before_method_And_After_Method"/>
</testsuite> <!-- framework_testng.Before_method_And_After_Method -->
