<?xml version="1.0" encoding="UTF-8"?>
<!-- Generated by org.testng.reporters.JUnitReportReporter -->
<testsuite skipped="0" hostname="AA-PC" name="framework_testng.Groups.TestSuite1" tests="3" failures="0" timestamp="20 Aug 2019 06:37:02 GMT" time="0.079" errors="0">
  <testcase name="tc002" time="0.005" classname="framework_testng.Groups.TestSuite1"/>
  <testcase name="tc003" time="0.002" classname="framework_testng.Groups.TestSuite1"/>
  <testcase name="tc001" time="0.072" classname="framework_testng.Groups.TestSuite1"/>
</testsuite> <!-- framework_testng.Groups.TestSuite1 -->
