<?xml version="1.0" encoding="UTF-8"?>
<!-- Generated by org.testng.reporters.JUnitReportReporter -->
<testsuite skipped="0" hostname="AA-PC" name="framework_testng.DP.Get_DataProvider_Data_From_Diff_Class" tests="4" failures="0" timestamp="22 Aug 2019 07:17:47 GMT" time="0.012" errors="0">
  <testcase name="Test_Info" time="0.011" classname="framework_testng.DP.Get_DataProvider_Data_From_Diff_Class"/>
  <testcase name="Test_Info" time="0.001" classname="framework_testng.DP.Get_DataProvider_Data_From_Diff_Class"/>
  <testcase name="Test_Info" time="0.000" classname="framework_testng.DP.Get_DataProvider_Data_From_Diff_Class"/>
  <testcase name="Test_Info" time="0.000" classname="framework_testng.DP.Get_DataProvider_Data_From_Diff_Class"/>
</testsuite> <!-- framework_testng.DP.Get_DataProvider_Data_From_Diff_Class -->
