<?xml version="1.0" encoding="UTF-8"?>
<!-- Generated by org.testng.reporters.JUnitReportReporter -->
<testsuite skipped="0" hostname="AA-PC" name="framework_testng.CrossBrowser.CrossBrowser_Test" tests="8" failures="0" timestamp="20 Aug 2019 07:53:28 GMT" time="70.268" errors="0">
  <testcase name="launchBrowser" time="3.686" classname="framework_testng.CrossBrowser.CrossBrowser_Test"/>
  <testcase name="launchBrowser" time="9.124" classname="framework_testng.CrossBrowser.CrossBrowser_Test"/>
  <testcase name="loadApp" time="13.393" classname="framework_testng.CrossBrowser.CrossBrowser_Test"/>
  <testcase name="loadApp" time="6.828" classname="framework_testng.CrossBrowser.CrossBrowser_Test"/>
  <testcase name="flight_search" time="13.164" classname="framework_testng.CrossBrowser.CrossBrowser_Test"/>
  <testcase name="flight_search" time="9.965" classname="framework_testng.CrossBrowser.CrossBrowser_Test"/>
  <testcase name="closeBrowser" time="5.336" classname="framework_testng.CrossBrowser.CrossBrowser_Test"/>
  <testcase name="closeBrowser" time="8.772" classname="framework_testng.CrossBrowser.CrossBrowser_Test"/>
</testsuite> <!-- framework_testng.CrossBrowser.CrossBrowser_Test -->
