<?xml version="1.0" encoding="UTF-8"?>
<!-- Generated by org.testng.reporters.JUnitReportReporter -->
<testsuite skipped="0" hostname="AA-PC" name="framework_testng.Suite_Parameter.Get_Parameters_From_Suite" tests="4" failures="0" timestamp="20 Aug 2019 07:32:31 GMT" time="8.394" errors="0">
  <testcase name="launch_browser" time="3.951" classname="framework_testng.Suite_Parameter.Get_Parameters_From_Suite"/>
  <testcase name="loadWebpage" time="3.673" classname="framework_testng.Suite_Parameter.Get_Parameters_From_Suite"/>
  <testcase name="User_login" time="0.537" classname="framework_testng.Suite_Parameter.Get_Parameters_From_Suite"/>
  <testcase name="User_registration" time="0.233" classname="framework_testng.Suite_Parameter.Get_Parameters_From_Suite"/>
</testsuite> <!-- framework_testng.Suite_Parameter.Get_Parameters_From_Suite -->
