<?xml version="1.0" encoding="UTF-8"?>
<!-- Generated by org.testng.reporters.JUnitReportReporter -->
<testsuite skipped="2" hostname="AA-PC" name="framework_testng.Method_Ignore" tests="3" failures="0" timestamp="19 Aug 2019 06:53:36 GMT" time="0.010" errors="0">
  <testcase name="tc001" time="0.010" classname="framework_testng.Method_Ignore"/>
  <testcase name="tc003" classname="framework_testng.Method_Ignore">
    <skipped/>
  </testcase> <!-- tc003 -->
  <testcase name="tc002" classname="framework_testng.Method_Ignore">
    <skipped/>
  </testcase> <!-- tc002 -->
</testsuite> <!-- framework_testng.Method_Ignore -->
