<?xml version="1.0" encoding="UTF-8"?>
<!-- Generated by org.testng.reporters.JUnitReportReporter -->
<testsuite skipped="0" hostname="AA-PC" name="framework_testng.DP.DataProvider_With_Excel_Intergration" tests="11" failures="0" timestamp="22 Aug 2019 07:41:15 GMT" time="0.015" errors="0">
  <testcase name="Verify_login" time="0.001" classname="framework_testng.DP.DataProvider_With_Excel_Intergration"/>
  <testcase name="Verify_login" time="0.001" classname="framework_testng.DP.DataProvider_With_Excel_Intergration"/>
  <testcase name="Verify_login" time="0.000" classname="framework_testng.DP.DataProvider_With_Excel_Intergration"/>
  <testcase name="Verify_login" time="0.001" classname="framework_testng.DP.DataProvider_With_Excel_Intergration"/>
  <testcase name="Verify_login" time="0.001" classname="framework_testng.DP.DataProvider_With_Excel_Intergration"/>
  <testcase name="Verify_login" time="0.001" classname="framework_testng.DP.DataProvider_With_Excel_Intergration"/>
  <testcase name="Verify_login" time="0.003" classname="framework_testng.DP.DataProvider_With_Excel_Intergration"/>
  <testcase name="Verify_login" time="0.001" classname="framework_testng.DP.DataProvider_With_Excel_Intergration"/>
  <testcase name="Verify_login" time="0.005" classname="framework_testng.DP.DataProvider_With_Excel_Intergration"/>
  <testcase name="Verify_login" time="0.001" classname="framework_testng.DP.DataProvider_With_Excel_Intergration"/>
  <testcase name="Verify_login" time="0.000" classname="framework_testng.DP.DataProvider_With_Excel_Intergration"/>
</testsuite> <!-- framework_testng.DP.DataProvider_With_Excel_Intergration -->
