<?xml version="1.0" encoding="UTF-8"?>
<!-- Generated by org.testng.reporters.JUnitReportReporter -->
<testsuite skipped="1" hostname="AA-PC" name="framework_testng.DP.InputData" tests="4" failures="0" timestamp="22 Aug 2019 07:04:58 GMT" time="0.035" errors="0">
  <testcase name="test_user_info" time="0.001" classname="framework_testng.DP.InputData"/>
  <testcase name="test_user_info" time="0.002" classname="framework_testng.DP.InputData"/>
  <testcase name="test_user_info" time="0.032" classname="framework_testng.DP.InputData"/>
  <testcase name="test" classname="framework_testng.DP.InputData">
    <skipped/>
  </testcase> <!-- test -->
</testsuite> <!-- framework_testng.DP.InputData -->
