<?xml version="1.0" encoding="UTF-8"?>
<!-- Generated by org.testng.reporters.JUnitReportReporter -->
<testsuite skipped="0" hostname="AA-PC" name="framework_testng.MyTestng_Test" tests="2" failures="0" timestamp="19 Aug 2019 06:35:13 GMT" time="0.011" errors="0">
  <testcase name="tc002" time="0.000" classname="framework_testng.MyTestng_Test"/>
  <testcase name="tc001" time="0.011" classname="framework_testng.MyTestng_Test"/>
</testsuite> <!-- framework_testng.MyTestng_Test -->
